Constructed daemon controller
Running daemon controller
Server started
Listening on: localhost:1111
Master socket: Resource id #12
Client connected. Resource id #13
Client connected. Resource id #14
Client disconnected. Resource id #13
User closed connectionnClient disconnected. Resource id #14
User closed connectionnClient connected. Resource id #15
Client connected. Resource id #16
Client connected. Resource id #17
Client connected. Resource id #18
Client disconnected. Resource id #15
User closed connectionnClient disconnected. Resource id #16
User closed connectionnClient connected. Resource id #19
Client disconnehttps://pp.vk.me/c638731/v638731334/22eb6/Hm5tKG0PsK0.jpgcted. Resource id #17
User closed connectionnClient disconnected. Resource id #18
User closed connectionnClient disconnected. Resource id #19
User closed connectionnClient disconnected. TCP connection lost: Resource id #19
Client connected. Resource id #20
Client connected. Resource id #21
Client disconnected. Resource id #20
User closed connectionnClient disconnected. Resource id #21
User closed connectionnClient connected. Resource id #22
Client connected. Resource id #23
Client connected. Resource id #24
Client connected. Resource id #25
Client disconnected. Resource id #22
User closed connectionnClient disconnected. Resource id #23
User closed connectionnClient disconnected. Resource id #24
User closed connectionnClient disconnected. TCP connection lost: Resource id #24
Client disconnected. Resource id #25
User closed connectionnClient disconnected. TCP connection lost: Resource id #25
Client connected. Resource id #26
Requested resource : 
Requested resource : 
Requested resource : 
Requested resource : 
Client disconnected. Resource id #26
User closed connectionnClient connected. Resource id #27
Requested resource : 
Requested resource : 
Requested resource : 
Requested resource : 
Requested resource : 
Requested resource : 
Requested resource : 
Requested resource : 
Requested resource : 
Requested resource : 
Client disconnected. Resource id #27
User closed connectionnClient connected. Resource id #28
Requested resource : 
Requested resource : 
Requested resource : 
Client disconnected. Resource id #28
User closed connectionn